TN:
SF:src\App.tsx
FN:30,getQueryParam
FN:35,tryInitSmartFromRedirect
FN:52,smartAuthorizeFlow
FN:80,fhirTransaction
FN:97,(anonymous_4)
FN:98,(anonymous_5)
FN:149,fhirSearch
FN:162,(anonymous_7)
FN:168,fhirRead
FN:178,fhirDelete
FN:191,(anonymous_10)
FN:196,fhirUpdate
FN:210,idFromLocation
FN:216,bundleEntries
FN:217,(anonymous_14)
FN:221,identifyBarcode
FN:256,__setSmartClientForTest
FN:260,__clearSmartClientForTest
FN:266,ECGBackground
FN:277,(anonymous_19)
FN:280,(anonymous_20)
FN:308,TopNav
FN:337,BottomNav
FN:363,ScannerModal
FN:378,(anonymous_24)
FN:386,(anonymous_25)
FN:389,(anonymous_26)
FN:407,(anonymous_27)
FN:420,(anonymous_28)
FN:432,(anonymous_29)
FN:520,HomePage
FN:578,ScanReviewModal
FN:615,(anonymous_32)
FN:644,EquipmentPage
FN:657,(anonymous_34)
FN:667,(anonymous_35)
FN:716,(anonymous_36)
FN:730,(anonymous_37)
FN:735,(anonymous_38)
FN:740,(anonymous_39)
FN:758,(anonymous_40)
FN:762,(anonymous_41)
FN:769,(anonymous_42)
FN:773,(anonymous_43)
FN:815,(anonymous_44)
FN:838,(anonymous_45)
FN:862,(anonymous_46)
FN:871,(anonymous_47)
FN:880,(anonymous_48)
FN:889,(anonymous_49)
FN:927,(anonymous_50)
FN:937,(anonymous_51)
FN:947,StockPage
FN:954,(anonymous_53)
FN:957,(anonymous_54)
FN:959,(anonymous_55)
FN:981,(anonymous_56)
FN:988,updateDeviceStock
FN:996,(anonymous_58)
FN:1002,(anonymous_59)
FN:1028,(anonymous_60)
FN:1029,load
FN:1041,(anonymous_62)
FN:1043,(anonymous_63)
FN:1144,(anonymous_64)
FN:1144,(anonymous_65)
FN:1192,(anonymous_66)
FN:1247,(anonymous_67)
FN:1256,(anonymous_68)
FN:1270,(anonymous_69)
FN:1298,UsedListPage
FN:1305,(anonymous_71)
FN:1306,load
FN:1317,(anonymous_73)
FN:1319,(anonymous_74)
FN:1406,(anonymous_75)
FN:1406,(anonymous_76)
FN:1450,(anonymous_77)
FN:1471,(anonymous_78)
FN:1496,DetailPage
FN:1519,(anonymous_80)
FN:1526,(anonymous_81)
FN:1532,(anonymous_82)
FN:1539,(anonymous_83)
FN:1656,App
FN:1662,(anonymous_85)
FN:1685,(anonymous_86)
FN:1686,(anonymous_87)
FN:1687,(anonymous_88)
FN:1694,(anonymous_89)
FN:1695,(anonymous_90)
FN:1696,(anonymous_91)
FN:1697,(anonymous_92)
FN:1705,(anonymous_93)
FN:1711,(anonymous_94)
FN:1718,(anonymous_95)
FN:1719,(anonymous_96)
FN:1720,(anonymous_97)
FN:1726,(anonymous_98)
FN:1726,(anonymous_99)
FN:1726,(anonymous_100)
FNF:101
FNH:38
FNDA:0,getQueryParam
FNDA:2,tryInitSmartFromRedirect
FNDA:0,smartAuthorizeFlow
FNDA:2,fhirTransaction
FNDA:0,(anonymous_4)
FNDA:0,(anonymous_5)
FNDA:7,fhirSearch
FNDA:0,(anonymous_7)
FNDA:2,fhirRead
FNDA:2,fhirDelete
FNDA:0,(anonymous_10)
FNDA:2,fhirUpdate
FNDA:3,idFromLocation
FNDA:7,bundleEntries
FNDA:2,(anonymous_14)
FNDA:5,identifyBarcode
FNDA:1,__setSmartClientForTest
FNDA:12,__clearSmartClientForTest
FNDA:7,ECGBackground
FNDA:420,(anonymous_19)
FNDA:210,(anonymous_20)
FNDA:5,TopNav
FNDA:5,BottomNav
FNDA:1,ScannerModal
FNDA:1,(anonymous_24)
FNDA:1,(anonymous_25)
FNDA:0,(anonymous_26)
FNDA:0,(anonymous_27)
FNDA:0,(anonymous_28)
FNDA:2,(anonymous_29)
FNDA:2,HomePage
FNDA:1,ScanReviewModal
FNDA:0,(anonymous_32)
FNDA:1,EquipmentPage
FNDA:0,(anonymous_34)
FNDA:0,(anonymous_35)
FNDA:0,(anonymous_36)
FNDA:0,(anonymous_37)
FNDA:0,(anonymous_38)
FNDA:0,(anonymous_39)
FNDA:0,(anonymous_40)
FNDA:0,(anonymous_41)
FNDA:0,(anonymous_42)
FNDA:0,(anonymous_43)
FNDA:0,(anonymous_44)
FNDA:0,(anonymous_45)
FNDA:0,(anonymous_46)
FNDA:0,(anonymous_47)
FNDA:0,(anonymous_48)
FNDA:0,(anonymous_49)
FNDA:0,(anonymous_50)
FNDA:0,(anonymous_51)
FNDA:3,StockPage
FNDA:2,(anonymous_53)
FNDA:0,(anonymous_54)
FNDA:0,(anonymous_55)
FNDA:0,(anonymous_56)
FNDA:0,updateDeviceStock
FNDA:0,(anonymous_58)
FNDA:0,(anonymous_59)
FNDA:1,(anonymous_60)
FNDA:1,load
FNDA:1,(anonymous_62)
FNDA:0,(anonymous_63)
FNDA:0,(anonymous_64)
FNDA:0,(anonymous_65)
FNDA:0,(anonymous_66)
FNDA:0,(anonymous_67)
FNDA:0,(anonymous_68)
FNDA:0,(anonymous_69)
FNDA:2,UsedListPage
FNDA:1,(anonymous_71)
FNDA:1,load
FNDA:1,(anonymous_73)
FNDA:0,(anonymous_74)
FNDA:0,(anonymous_75)
FNDA:0,(anonymous_76)
FNDA:0,(anonymous_77)
FNDA:0,(anonymous_78)
FNDA:0,DetailPage
FNDA:0,(anonymous_80)
FNDA:0,(anonymous_81)
FNDA:0,(anonymous_82)
FNDA:0,(anonymous_83)
FNDA:5,App
FNDA:2,(anonymous_85)
FNDA:0,(anonymous_86)
FNDA:0,(anonymous_87)
FNDA:0,(anonymous_88)
FNDA:0,(anonymous_89)
FNDA:1,(anonymous_90)
FNDA:1,(anonymous_91)
FNDA:1,(anonymous_92)
FNDA:0,(anonymous_93)
FNDA:0,(anonymous_94)
FNDA:0,(anonymous_95)
FNDA:0,(anonymous_96)
FNDA:0,(anonymous_97)
FNDA:0,(anonymous_98)
FNDA:0,(anonymous_99)
FNDA:0,(anonymous_100)
DA:15,5
DA:16,5
DA:17,5
DA:18,5
DA:22,5
DA:23,5
DA:24,5
DA:26,5
DA:27,5
DA:28,5
DA:31,0
DA:32,0
DA:36,2
DA:37,2
DA:38,0
DA:40,0
DA:41,2
DA:42,2
DA:44,0
DA:46,0
DA:53,0
DA:54,0
DA:55,0
DA:69,5
DA:82,2
DA:83,1
DA:84,1
DA:86,1
DA:91,1
DA:93,0
DA:96,0
DA:97,0
DA:98,0
DA:100,0
DA:102,0
DA:103,0
DA:110,0
DA:111,0
DA:113,0
DA:114,0
DA:115,0
DA:117,0
DA:122,0
DA:129,0
DA:132,0
DA:137,1
DA:145,1
DA:146,1
DA:150,7
DA:151,7
DA:152,7
DA:153,1
DA:155,6
DA:161,6
DA:162,0
DA:163,0
DA:165,6
DA:169,2
DA:170,2
DA:171,1
DA:173,1
DA:174,1
DA:175,1
DA:179,2
DA:180,2
DA:181,2
DA:183,1
DA:184,1
DA:186,1
DA:190,1
DA:191,0
DA:192,0
DA:197,2
DA:198,2
DA:199,1
DA:201,1
DA:206,1
DA:207,1
DA:211,3
DA:212,2
DA:213,2
DA:217,7
DA:228,5
DA:231,4
DA:232,4
DA:233,4
DA:234,1
DA:244,3
DA:245,1
DA:247,2
DA:248,1
DA:252,1
DA:258,1
DA:262,12
DA:267,7
DA:278,420
DA:281,210
DA:319,5
DA:338,5
DA:372,1
DA:373,1
DA:374,1
DA:375,1
DA:376,1
DA:378,1
DA:379,1
DA:380,0
DA:382,1
DA:383,1
DA:384,1
DA:386,1
DA:389,1
DA:390,0
DA:391,0
DA:392,0
DA:394,0
DA:395,0
DA:397,0
DA:398,0
DA:399,0
DA:402,0
DA:404,0
DA:408,0
DA:410,0
DA:411,0
DA:413,0
DA:414,0
DA:415,0
DA:416,0
DA:418,0
DA:420,0
DA:421,0
DA:427,0
DA:428,0
DA:432,1
DA:433,2
DA:434,2
DA:436,2
DA:439,1
DA:441,0
DA:521,2
DA:595,1
DA:597,0
DA:615,0
DA:645,1
DA:646,1
DA:647,1
DA:648,1
DA:649,1
DA:650,1
DA:651,1
DA:652,1
DA:653,1
DA:654,1
DA:655,1
DA:657,1
DA:658,0
DA:659,0
DA:660,0
DA:661,0
DA:662,0
DA:663,0
DA:664,0
DA:667,1
DA:668,0
DA:669,0
DA:670,0
DA:671,0
DA:673,0
DA:674,0
DA:676,0
DA:677,0
DA:679,0
DA:680,0
DA:682,0
DA:707,0
DA:708,0
DA:710,0
DA:712,0
DA:714,0
DA:715,0
DA:716,0
DA:718,0
DA:719,0
DA:722,0
DA:724,0
DA:725,0
DA:726,0
DA:727,0
DA:729,0
DA:730,0
DA:731,0
DA:732,0
DA:734,0
DA:735,0
DA:738,0
DA:739,0
DA:740,0
DA:741,0
DA:742,0
DA:743,0
DA:745,0
DA:747,0
DA:748,0
DA:751,0
DA:754,0
DA:756,0
DA:757,0
DA:758,0
DA:761,0
DA:762,0
DA:767,0
DA:768,0
DA:769,0
DA:772,0
DA:773,0
DA:778,0
DA:781,0
DA:801,0
DA:802,0
DA:804,0
DA:805,0
DA:806,0
DA:807,0
DA:808,0
DA:809,0
DA:810,0
DA:811,0
DA:813,0
DA:815,0
DA:816,0
DA:819,0
DA:820,0
DA:822,0
DA:826,1
DA:838,0
DA:862,0
DA:871,0
DA:880,0
DA:889,0
DA:927,0
DA:937,0
DA:948,3
DA:949,3
DA:950,3
DA:951,3
DA:952,3
DA:954,3
DA:955,2
DA:956,2
DA:957,0
DA:958,0
DA:959,0
DA:960,0
DA:961,0
DA:964,0
DA:970,0
DA:971,0
DA:972,0
DA:973,0
DA:974,0
DA:975,0
DA:978,0
DA:981,2
DA:982,0
DA:983,0
DA:984,0
DA:989,0
DA:990,0
DA:991,0
DA:994,0
DA:995,0
DA:996,0
DA:1000,0
DA:1001,0
DA:1002,0
DA:1003,0
DA:1004,0
DA:1005,0
DA:1007,0
DA:1009,0
DA:1010,0
DA:1013,0
DA:1016,0
DA:1022,0
DA:1023,0
DA:1024,0
DA:1028,3
DA:1030,1
DA:1031,1
DA:1032,1
DA:1034,1
DA:1035,1
DA:1037,1
DA:1038,1
DA:1041,1
DA:1042,1
DA:1043,1
DA:1044,1
DA:1045,1
DA:1046,0
DA:1048,1
DA:1049,0
DA:1050,0
DA:1051,0
DA:1052,0
DA:1054,1
DA:1058,1
DA:1059,0
DA:1060,0
DA:1061,0
DA:1063,0
DA:1064,0
DA:1070,1
DA:1071,1
DA:1072,1
DA:1073,1
DA:1078,1
DA:1079,0
DA:1080,0
DA:1081,0
DA:1083,0
DA:1084,0
DA:1085,0
DA:1086,0
DA:1090,1
DA:1091,1
DA:1092,1
DA:1093,1
DA:1097,1
DA:1098,0
DA:1099,0
DA:1100,0
DA:1101,0
DA:1102,0
DA:1103,0
DA:1105,0
DA:1110,1
DA:1111,1
DA:1112,1
DA:1113,1
DA:1114,1
DA:1115,0
DA:1118,0
DA:1122,1
DA:1123,1
DA:1125,0
DA:1127,1
DA:1130,1
DA:1133,3
DA:1144,0
DA:1193,0
DA:1194,0
DA:1196,0
DA:1201,0
DA:1205,0
DA:1207,0
DA:1210,0
DA:1212,0
DA:1247,0
DA:1257,0
DA:1259,0
DA:1263,0
DA:1264,0
DA:1265,0
DA:1266,0
DA:1268,0
DA:1270,0
DA:1272,0
DA:1299,2
DA:1300,2
DA:1301,2
DA:1302,2
DA:1303,2
DA:1305,2
DA:1307,1
DA:1308,1
DA:1309,1
DA:1311,1
DA:1312,1
DA:1314,1
DA:1315,1
DA:1317,1
DA:1318,1
DA:1319,1
DA:1320,1
DA:1321,1
DA:1322,0
DA:1324,1
DA:1325,0
DA:1326,0
DA:1327,0
DA:1328,0
DA:1330,1
DA:1334,1
DA:1335,0
DA:1336,0
DA:1337,0
DA:1338,0
DA:1339,0
DA:1345,1
DA:1346,1
DA:1347,1
DA:1348,1
DA:1353,1
DA:1354,0
DA:1355,0
DA:1356,0
DA:1358,0
DA:1359,0
DA:1360,0
DA:1361,0
DA:1365,1
DA:1366,1
DA:1367,1
DA:1368,1
DA:1372,1
DA:1373,0
DA:1374,0
DA:1375,0
DA:1376,0
DA:1377,0
DA:1378,0
DA:1380,0
DA:1384,1
DA:1385,1
DA:1387,0
DA:1389,1
DA:1392,1
DA:1395,2
DA:1406,0
DA:1451,0
DA:1452,0
DA:1453,0
DA:1458,0
DA:1471,0
DA:1497,0
DA:1498,0
DA:1502,0
DA:1506,0
DA:1511,0
DA:1514,0
DA:1515,0
DA:1516,0
DA:1517,0
DA:1519,0
DA:1520,0
DA:1521,0
DA:1522,0
DA:1523,0
DA:1524,0
DA:1525,0
DA:1526,0
DA:1528,0
DA:1532,0
DA:1533,0
DA:1534,0
DA:1535,0
DA:1536,0
DA:1539,0
DA:1540,0
DA:1541,0
DA:1542,0
DA:1543,0
DA:1546,0
DA:1657,5
DA:1658,5
DA:1659,5
DA:1660,5
DA:1662,5
DA:1663,2
DA:1664,2
DA:1665,2
DA:1666,2
DA:1667,2
DA:1670,2
DA:1671,0
DA:1678,0
DA:1682,2
DA:1685,5
DA:1686,0
DA:1687,0
DA:1688,0
DA:1691,5
DA:1694,0
DA:1695,1
DA:1696,1
DA:1697,1
DA:1705,0
DA:1711,0
DA:1719,0
DA:1720,0
DA:1721,0
DA:1726,0
LF:494
LH:201
BRDA:40,0,0,0
BRDA:40,0,1,0
BRDA:40,0,2,0
BRDA:53,1,0,0
BRDA:53,1,1,0
BRDA:53,2,0,0
BRDA:53,2,1,0
BRDA:54,3,0,0
BRDA:54,3,1,0
BRDA:82,4,0,1
BRDA:82,4,1,1
BRDA:96,5,0,0
BRDA:96,5,1,0
BRDA:97,6,0,0
BRDA:97,6,1,0
BRDA:98,7,0,0
BRDA:98,7,1,0
BRDA:102,8,0,0
BRDA:102,8,1,0
BRDA:110,9,0,0
BRDA:110,9,1,0
BRDA:111,10,0,0
BRDA:111,10,1,0
BRDA:114,11,0,0
BRDA:114,11,1,0
BRDA:114,12,0,0
BRDA:114,12,1,0
BRDA:114,12,2,0
BRDA:114,12,3,0
BRDA:123,13,0,0
BRDA:123,13,1,0
BRDA:129,14,0,0
BRDA:129,14,1,0
BRDA:145,15,0,0
BRDA:145,15,1,1
BRDA:150,16,0,7
BRDA:150,16,1,0
BRDA:152,17,0,1
BRDA:152,17,1,6
BRDA:161,18,0,0
BRDA:161,18,1,6
BRDA:163,19,0,0
BRDA:163,19,1,0
BRDA:170,20,0,1
BRDA:170,20,1,1
BRDA:174,21,0,0
BRDA:174,21,1,1
BRDA:179,22,0,0
BRDA:179,22,1,2
BRDA:181,23,0,1
BRDA:181,23,1,1
BRDA:190,24,0,0
BRDA:190,24,1,1
BRDA:190,25,0,1
BRDA:190,25,1,0
BRDA:192,26,0,0
BRDA:192,26,1,0
BRDA:198,27,0,1
BRDA:198,27,1,1
BRDA:206,28,0,0
BRDA:206,28,1,1
BRDA:211,29,0,1
BRDA:211,29,1,2
BRDA:213,30,0,2
BRDA:213,30,1,0
BRDA:217,31,0,1
BRDA:217,31,1,6
BRDA:228,32,0,1
BRDA:228,32,1,4
BRDA:233,33,0,1
BRDA:233,33,1,3
BRDA:233,34,0,4
BRDA:233,34,1,1
BRDA:235,35,0,1
BRDA:235,35,1,0
BRDA:236,36,0,1
BRDA:236,36,1,0
BRDA:236,36,2,0
BRDA:237,37,0,1
BRDA:237,37,1,0
BRDA:238,38,0,1
BRDA:238,38,1,0
BRDA:244,39,0,1
BRDA:244,39,1,2
BRDA:244,40,0,3
BRDA:244,40,1,2
BRDA:247,41,0,1
BRDA:247,41,1,1
BRDA:247,42,0,2
BRDA:247,42,1,1
BRDA:379,43,0,0
BRDA:379,43,1,1
BRDA:398,44,0,0
BRDA:398,44,1,0
BRDA:405,45,0,0
BRDA:405,45,1,0
BRDA:408,46,0,0
BRDA:408,46,1,0
BRDA:414,47,0,0
BRDA:414,47,1,0
BRDA:427,48,0,0
BRDA:427,48,1,0
BRDA:439,49,0,1
BRDA:439,49,1,0
BRDA:458,50,0,0
BRDA:458,50,1,0
BRDA:478,51,0,1
BRDA:478,51,1,0
BRDA:482,52,0,0
BRDA:482,52,1,0
BRDA:490,53,0,1
BRDA:490,53,1,0
BRDA:497,54,0,0
BRDA:497,54,1,0
BRDA:595,55,0,1
BRDA:595,55,1,0
BRDA:662,56,0,0
BRDA:662,56,1,0
BRDA:669,57,0,0
BRDA:669,57,1,0
BRDA:669,58,0,0
BRDA:669,58,1,0
BRDA:673,59,0,0
BRDA:673,59,1,0
BRDA:679,60,0,0
BRDA:679,60,1,0
BRDA:680,61,0,0
BRDA:680,61,1,0
BRDA:688,62,0,0
BRDA:688,62,1,0
BRDA:692,63,0,0
BRDA:692,63,1,0
BRDA:694,64,0,0
BRDA:694,64,1,0
BRDA:695,65,0,0
BRDA:695,65,1,0
BRDA:696,66,0,0
BRDA:696,66,1,0
BRDA:699,67,0,0
BRDA:699,67,1,0
BRDA:700,68,0,0
BRDA:700,68,1,0
BRDA:701,69,0,0
BRDA:701,69,1,0
BRDA:703,70,0,0
BRDA:703,70,1,0
BRDA:710,71,0,0
BRDA:710,71,1,0
BRDA:710,72,0,0
BRDA:710,72,1,0
BRDA:718,73,0,0
BRDA:718,73,1,0
BRDA:724,74,0,0
BRDA:724,74,1,0
BRDA:731,75,0,0
BRDA:731,75,1,0
BRDA:731,76,0,0
BRDA:731,76,1,0
BRDA:732,77,0,0
BRDA:732,77,1,0
BRDA:735,78,0,0
BRDA:735,78,1,0
BRDA:738,79,0,0
BRDA:738,79,1,0
BRDA:741,80,0,0
BRDA:741,80,1,0
BRDA:747,81,0,0
BRDA:747,81,1,0
BRDA:756,82,0,0
BRDA:756,82,1,0
BRDA:758,83,0,0
BRDA:758,83,1,0
BRDA:762,84,0,0
BRDA:762,84,1,0
BRDA:767,85,0,0
BRDA:767,85,1,0
BRDA:769,86,0,0
BRDA:769,86,1,0
BRDA:773,87,0,0
BRDA:773,87,1,0
BRDA:785,88,0,0
BRDA:785,88,1,0
BRDA:786,89,0,0
BRDA:786,89,1,0
BRDA:792,90,0,0
BRDA:792,90,1,0
BRDA:813,91,0,0
BRDA:813,91,1,0
BRDA:819,92,0,0
BRDA:819,92,1,0
BRDA:845,93,0,1
BRDA:845,93,1,0
BRDA:849,94,0,0
BRDA:849,94,1,0
BRDA:889,95,0,0
BRDA:889,95,1,0
BRDA:902,96,0,1
BRDA:902,96,1,0
BRDA:902,96,2,0
BRDA:909,97,0,1
BRDA:909,97,1,0
BRDA:957,98,0,0
BRDA:957,98,1,0
BRDA:958,99,0,0
BRDA:958,99,1,0
BRDA:959,100,0,0
BRDA:959,100,1,0
BRDA:960,101,0,0
BRDA:960,101,1,0
BRDA:961,102,0,0
BRDA:961,102,1,0
BRDA:964,103,0,0
BRDA:964,103,1,0
BRDA:964,103,2,0
BRDA:964,103,3,0
BRDA:964,103,4,0
BRDA:971,104,0,0
BRDA:971,104,1,0
BRDA:974,105,0,0
BRDA:974,105,1,0
BRDA:974,106,0,0
BRDA:974,106,1,0
BRDA:974,106,2,0
BRDA:982,107,0,0
BRDA:982,107,1,0
BRDA:983,108,0,0
BRDA:983,108,1,0
BRDA:989,109,0,0
BRDA:989,109,1,0
BRDA:996,110,0,0
BRDA:996,110,1,0
BRDA:1000,111,0,0
BRDA:1000,111,1,0
BRDA:1003,112,0,0
BRDA:1003,112,1,0
BRDA:1009,113,0,0
BRDA:1009,113,1,0
BRDA:1022,114,0,0
BRDA:1022,114,1,0
BRDA:1038,115,0,0
BRDA:1038,115,1,1
BRDA:1046,116,0,0
BRDA:1046,116,1,0
BRDA:1046,117,0,0
BRDA:1046,117,1,0
BRDA:1051,118,0,0
BRDA:1051,118,1,0
BRDA:1051,119,0,0
BRDA:1051,119,1,0
BRDA:1058,120,0,0
BRDA:1058,120,1,1
BRDA:1061,121,0,0
BRDA:1061,121,1,0
BRDA:1070,122,0,1
BRDA:1070,122,1,0
BRDA:1078,123,0,0
BRDA:1078,123,1,1
BRDA:1078,124,0,1
BRDA:1078,124,1,1
BRDA:1083,125,0,0
BRDA:1083,125,1,0
BRDA:1083,126,0,0
BRDA:1083,126,1,0
BRDA:1090,127,0,1
BRDA:1090,127,1,0
BRDA:1090,128,0,1
BRDA:1090,128,1,1
BRDA:1097,129,0,0
BRDA:1097,129,1,1
BRDA:1097,130,0,1
BRDA:1097,130,1,1
BRDA:1101,131,0,0
BRDA:1101,131,1,0
BRDA:1102,132,0,0
BRDA:1102,132,1,0
BRDA:1110,133,0,1
BRDA:1110,133,1,0
BRDA:1125,134,0,0
BRDA:1125,134,1,0
BRDA:1156,135,0,3
BRDA:1156,135,1,1
BRDA:1162,136,0,3
BRDA:1162,136,1,0
BRDA:1168,137,0,3
BRDA:1168,137,1,2
BRDA:1168,137,2,2
BRDA:1184,138,0,2
BRDA:1184,138,1,2
BRDA:1193,139,0,0
BRDA:1193,139,1,0
BRDA:1194,140,0,0
BRDA:1194,140,1,0
BRDA:1196,141,0,0
BRDA:1196,141,1,0
BRDA:1196,141,2,0
BRDA:1196,141,3,0
BRDA:1201,142,0,0
BRDA:1201,142,1,0
BRDA:1201,142,2,0
BRDA:1201,142,3,0
BRDA:1205,143,0,0
BRDA:1205,143,1,0
BRDA:1207,144,0,0
BRDA:1207,144,1,0
BRDA:1207,144,2,0
BRDA:1218,145,0,0
BRDA:1218,145,1,0
BRDA:1233,146,0,0
BRDA:1233,146,1,0
BRDA:1235,147,0,0
BRDA:1235,147,1,0
BRDA:1237,148,0,0
BRDA:1237,148,1,0
BRDA:1259,149,0,0
BRDA:1259,149,1,0
BRDA:1259,149,2,0
BRDA:1264,150,0,0
BRDA:1264,150,1,0
BRDA:1266,151,0,0
BRDA:1266,151,1,0
BRDA:1272,152,0,0
BRDA:1272,152,1,0
BRDA:1287,153,0,3
BRDA:1287,153,1,2
BRDA:1287,153,2,2
BRDA:1287,153,3,0
BRDA:1315,154,0,0
BRDA:1315,154,1,1
BRDA:1322,155,0,0
BRDA:1322,155,1,0
BRDA:1322,156,0,0
BRDA:1322,156,1,0
BRDA:1327,157,0,0
BRDA:1327,157,1,0
BRDA:1327,158,0,0
BRDA:1327,158,1,0
BRDA:1334,159,0,0
BRDA:1334,159,1,1
BRDA:1337,160,0,0
BRDA:1337,160,1,0
BRDA:1345,161,0,1
BRDA:1345,161,1,0
BRDA:1353,162,0,0
BRDA:1353,162,1,1
BRDA:1353,163,0,1
BRDA:1353,163,1,1
BRDA:1358,164,0,0
BRDA:1358,164,1,0
BRDA:1358,165,0,0
BRDA:1358,165,1,0
BRDA:1365,166,0,1
BRDA:1365,166,1,0
BRDA:1365,167,0,1
BRDA:1365,167,1,1
BRDA:1372,168,0,0
BRDA:1372,168,1,1
BRDA:1372,169,0,1
BRDA:1372,169,1,1
BRDA:1376,170,0,0
BRDA:1376,170,1,0
BRDA:1377,171,0,0
BRDA:1377,171,1,0
BRDA:1387,172,0,0
BRDA:1387,172,1,0
BRDA:1418,173,0,2
BRDA:1418,173,1,1
BRDA:1424,174,0,2
BRDA:1424,174,1,0
BRDA:1430,175,0,2
BRDA:1430,175,1,1
BRDA:1430,175,2,1
BRDA:1442,176,0,1
BRDA:1442,176,1,1
BRDA:1451,177,0,0
BRDA:1451,177,1,0
BRDA:1451,177,2,0
BRDA:1452,178,0,0
BRDA:1452,178,1,0
BRDA:1453,179,0,0
BRDA:1453,179,1,0
BRDA:1453,179,2,0
BRDA:1453,179,3,0
BRDA:1461,180,0,0
BRDA:1461,180,1,0
BRDA:1485,181,0,2
BRDA:1485,181,1,1
BRDA:1485,181,2,1
BRDA:1485,181,3,0
BRDA:1497,182,0,0
BRDA:1497,182,1,0
BRDA:1498,183,0,0
BRDA:1498,183,1,0
BRDA:1498,183,2,0
BRDA:1498,183,3,0
BRDA:1502,184,0,0
BRDA:1502,184,1,0
BRDA:1502,184,2,0
BRDA:1502,184,3,0
BRDA:1506,185,0,0
BRDA:1506,185,1,0
BRDA:1506,185,2,0
BRDA:1511,186,0,0
BRDA:1511,186,1,0
BRDA:1511,186,2,0
BRDA:1514,187,0,0
BRDA:1514,187,1,0
BRDA:1515,188,0,0
BRDA:1515,188,1,0
BRDA:1516,189,0,0
BRDA:1516,189,1,0
BRDA:1520,190,0,0
BRDA:1520,190,1,0
BRDA:1522,191,0,0
BRDA:1522,191,1,0
BRDA:1523,192,0,0
BRDA:1523,192,1,0
BRDA:1528,193,0,0
BRDA:1528,193,1,0
BRDA:1533,194,0,0
BRDA:1533,194,1,0
BRDA:1534,195,0,0
BRDA:1534,195,1,0
BRDA:1535,196,0,0
BRDA:1535,196,1,0
BRDA:1540,197,0,0
BRDA:1540,197,1,0
BRDA:1541,198,0,0
BRDA:1541,198,1,0
BRDA:1542,199,0,0
BRDA:1542,199,1,0
BRDA:1557,200,0,0
BRDA:1557,200,1,0
BRDA:1589,201,0,0
BRDA:1589,201,1,0
BRDA:1604,202,0,0
BRDA:1604,202,1,0
BRDA:1610,203,0,0
BRDA:1610,203,1,0
BRDA:1612,204,0,0
BRDA:1612,204,1,0
BRDA:1621,205,0,0
BRDA:1621,205,1,0
BRDA:1627,206,0,0
BRDA:1627,206,1,0
BRDA:1630,207,0,0
BRDA:1630,207,1,0
BRDA:1630,207,2,0
BRDA:1640,208,0,0
BRDA:1640,208,1,0
BRDA:1644,209,0,0
BRDA:1644,209,1,0
BRDA:1670,210,0,0
BRDA:1670,210,1,2
BRDA:1670,211,0,2
BRDA:1670,211,1,0
BRDA:1670,211,2,0
BRDA:1670,212,0,0
BRDA:1670,212,1,0
BRDA:1700,213,0,5
BRDA:1700,213,1,2
BRDA:1701,214,0,5
BRDA:1701,214,1,1
BRDA:1702,215,0,5
BRDA:1702,215,1,1
BRDA:1708,216,0,5
BRDA:1708,216,1,1
BRDA:1714,217,0,5
BRDA:1714,217,1,0
BRDA:1714,217,2,0
BRDA:1730,218,0,5
BRDA:1730,218,1,5
BRDA:1731,219,0,0
BRDA:1731,219,1,5
BRF:473
BRH:110
end_of_record
TN:
SF:src\EquipmentPage.tsx
FN:6,EquipmentPage
FN:18,(anonymous_1)
FN:23,(anonymous_2)
FN:31,(anonymous_3)
FN:73,(anonymous_4)
FN:80,(anonymous_5)
FN:104,(anonymous_6)
FN:105,(anonymous_7)
FN:106,(anonymous_8)
FNF:9
FNH:0
FNDA:0,EquipmentPage
FNDA:0,(anonymous_1)
FNDA:0,(anonymous_2)
FNDA:0,(anonymous_3)
FNDA:0,(anonymous_4)
FNDA:0,(anonymous_5)
FNDA:0,(anonymous_6)
FNDA:0,(anonymous_7)
FNDA:0,(anonymous_8)
DA:4,0
DA:7,0
DA:8,0
DA:10,0
DA:11,0
DA:12,0
DA:13,0
DA:14,0
DA:15,0
DA:18,0
DA:19,0
DA:20,0
DA:21,0
DA:23,0
DA:24,0
DA:25,0
DA:26,0
DA:28,0
DA:32,0
DA:34,0
DA:35,0
DA:38,0
DA:39,0
DA:45,0
DA:46,0
DA:47,0
DA:48,0
DA:49,0
DA:50,0
DA:51,0
DA:52,0
DA:56,0
DA:60,0
DA:61,0
DA:62,0
DA:63,0
DA:64,0
DA:69,0
DA:73,0
DA:74,0
DA:75,0
DA:80,0
DA:81,0
DA:83,0
DA:84,0
DA:85,0
DA:91,0
DA:92,0
DA:93,0
DA:95,0
DA:99,0
DA:104,0
DA:105,0
DA:106,0
LF:54
LH:0
BRDA:32,0,0,0
BRDA:32,0,1,0
BRDA:32,1,0,0
BRDA:32,1,1,0
BRDA:45,2,0,0
BRDA:45,2,1,0
BRDA:47,3,0,0
BRDA:47,3,1,0
BRDA:48,4,0,0
BRDA:48,4,1,0
BRDA:49,5,0,0
BRDA:49,5,1,0
BRDA:50,6,0,0
BRDA:50,6,1,0
BRDA:62,7,0,0
BRDA:62,7,1,0
BRDA:63,8,0,0
BRDA:63,8,1,0
BRDA:64,9,0,0
BRDA:64,9,1,0
BRDA:69,10,0,0
BRDA:69,10,1,0
BRDA:81,11,0,0
BRDA:81,11,1,0
BRDA:84,12,0,0
BRDA:84,12,1,0
BRDA:92,13,0,0
BRDA:92,13,1,0
BRDA:95,14,0,0
BRDA:95,14,1,0
BRDA:108,15,0,0
BRDA:108,15,1,0
BRF:32
BRH:0
end_of_record
TN:
SF:src\main.tsx
FNF:0
FNH:0
DA:6,0
LF:1
LH:0
BRF:0
BRH:0
end_of_record
TN:
SF:src\vite-env.d.ts
FNF:0
FNH:0
LF:0
LH:0
BRF:0
BRH:0
end_of_record
TN:
SF:src\types\shims-zxing-browser.d.ts
FNF:0
FNH:0
LF:0
LH:0
BRF:0
BRH:0
end_of_record
